25-07-2018 17:00:07.985 [main] INFO  com.stcs.kb.testing.testEnviroment.DockerImageBuilder - Starting docker image : rabbit-integration1 with command docker run  --name brokernode -p 5672:5672 -p 15672:15672 -d --network mynetwork rabbit-integration1
25-07-2018 17:00:07.985 [ForkJoinPool.commonPool-worker-1] INFO  com.stcs.kb.testing.testEnviroment.DockerImageBuilder - Starting docker image : bill_it_db with command docker run  --name dbnode  -p 5432:5432 -d --network mynetwork bill_it_db
25-07-2018 17:00:07.990 [ForkJoinPool.commonPool-worker-1] ERROR com.stcs.kb.testing.testEnviroment.AbstractDockerComponent - Couldn't start docker image : bill_it_db due to exception Cannot run program "docker run  --name dbnode  -p 5432:5432 -d --network mynetwork bill_it_db": error=2, No such file or directory
25-07-2018 17:00:07.991 [main] ERROR com.stcs.kb.testing.testEnviroment.AbstractDockerComponent - Couldn't start docker image : rabbit-integration1 due to exception Cannot run program "docker run  --name brokernode -p 5672:5672 -p 15672:15672 -d --network mynetwork rabbit-integration1": error=2, No such file or directory
25-07-2018 17:00:18.144 [main] INFO  com.stcs.kb.testing.testEnviroment.DockerImageBuilder - Starting docker image : killbill with command docker run  --name kbnode  -p 8080:8080 -d --network mynetwork killbill
25-07-2018 17:00:18.145 [main] ERROR com.stcs.kb.testing.testEnviroment.AbstractDockerComponent - Couldn't start docker image : killbill due to exception Cannot run program "docker run  --name kbnode  -p 8080:8080 -d --network mynetwork killbill": error=2, No such file or directory
25-07-2018 17:00:28.711 [awaitility-thread] INFO  com.stcs.kb.testing.testEnviroment.impl.KillBillComponent - kbnode  is not running yet : null
25-07-2018 17:01:31.924 [main] INFO  com.stcs.kb.testing.testEnviroment.DockerImageBuilder - Starting docker image : rabbit-integration1 with command docker run  --name brokernode -p 5672:5672 -p 15672:15672 -d --network mynetwork rabbit-integration1
25-07-2018 17:01:31.924 [ForkJoinPool.commonPool-worker-1] INFO  com.stcs.kb.testing.testEnviroment.DockerImageBuilder - Starting docker image : bill_it_db with command docker run  --name dbnode  -p 5432:5432 -d --network mynetwork bill_it_db
25-07-2018 17:01:31.929 [ForkJoinPool.commonPool-worker-1] ERROR com.stcs.kb.testing.testEnviroment.AbstractDockerComponent - Couldn't start docker image : bill_it_db due to exception Cannot run program "docker run  --name dbnode  -p 5432:5432 -d --network mynetwork bill_it_db": error=2, No such file or directory
25-07-2018 17:01:31.929 [main] ERROR com.stcs.kb.testing.testEnviroment.AbstractDockerComponent - Couldn't start docker image : rabbit-integration1 due to exception Cannot run program "docker run  --name brokernode -p 5672:5672 -p 15672:15672 -d --network mynetwork rabbit-integration1": error=2, No such file or directory
25-07-2018 17:01:41.961 [awaitility-thread] INFO  com.stcs.kb.testing.testEnviroment.impl.RabbitComponent - brokernode is not running yet : Connection refused (Connection refused)
25-07-2018 17:01:42.006 [awaitility-thread] INFO  com.stcs.kb.testing.testEnviroment.impl.KillBillDBComponent - dbnode  is not running yet : org.postgresql.util.PSQLException: Connection to localhost:5432 refused. Check that the hostname and port are correct and that the postmaster is accepting TCP/IP connections.
25-07-2018 17:01:51.964 [awaitility-thread] INFO  com.stcs.kb.testing.testEnviroment.impl.RabbitComponent - brokernode is not running yet : Connection refused (Connection refused)
25-07-2018 17:01:52.009 [awaitility-thread] INFO  com.stcs.kb.testing.testEnviroment.impl.KillBillDBComponent - dbnode  is not running yet : org.postgresql.util.PSQLException: Connection to localhost:5432 refused. Check that the hostname and port are correct and that the postmaster is accepting TCP/IP connections.
25-07-2018 17:02:01.966 [awaitility-thread] INFO  com.stcs.kb.testing.testEnviroment.impl.RabbitComponent - brokernode is not running yet : Connection refused (Connection refused)
25-07-2018 17:02:02.012 [awaitility-thread] INFO  com.stcs.kb.testing.testEnviroment.impl.KillBillDBComponent - dbnode  is not running yet : org.postgresql.util.PSQLException: Connection to localhost:5432 refused. Check that the hostname and port are correct and that the postmaster is accepting TCP/IP connections.
25-07-2018 17:02:11.974 [awaitility-thread] INFO  com.stcs.kb.testing.testEnviroment.impl.RabbitComponent - brokernode is not running yet : Connection refused (Connection refused)
25-07-2018 17:02:12.014 [awaitility-thread] INFO  com.stcs.kb.testing.testEnviroment.impl.KillBillDBComponent - dbnode  is not running yet : org.postgresql.util.PSQLException: Connection to localhost:5432 refused. Check that the hostname and port are correct and that the postmaster is accepting TCP/IP connections.
25-07-2018 17:54:31.193 [main] INFO  com.stcs.kb.testing.testEnviroment.DockerImageBuilder - Starting docker image : rabbit-integration1 with command docker run --name brokernode -p 5672:5672 -p 15672:15672 -d --network mynetwork rabbit-integration1
25-07-2018 17:54:31.193 [ForkJoinPool.commonPool-worker-1] INFO  com.stcs.kb.testing.testEnviroment.DockerImageBuilder - Starting docker image : bill_it_db with command docker run --name dbnode  -p 5432:5432 -d --network mynetwork bill_it_db
25-07-2018 17:54:31.198 [main] ERROR com.stcs.kb.testing.testEnviroment.AbstractDockerComponent - Couldn't start docker image : rabbit-integration1 due to exception Cannot run program "docker run --name brokernode -p 5672:5672 -p 15672:15672 -d --network mynetwork rabbit-integration1": error=2, No such file or directory
25-07-2018 17:54:31.198 [ForkJoinPool.commonPool-worker-1] ERROR com.stcs.kb.testing.testEnviroment.AbstractDockerComponent - Couldn't start docker image : bill_it_db due to exception Cannot run program "docker run --name dbnode  -p 5432:5432 -d --network mynetwork bill_it_db": error=2, No such file or directory
25-07-2018 17:54:41.224 [awaitility-thread] INFO  com.stcs.kb.testing.testEnviroment.impl.RabbitComponent - brokernode is not running yet : Connection refused (Connection refused)
25-07-2018 17:54:41.266 [awaitility-thread] INFO  com.stcs.kb.testing.testEnviroment.impl.KillBillDBComponent - dbnode  is not running yet : org.postgresql.util.PSQLException: Connection to localhost:5432 refused. Check that the hostname and port are correct and that the postmaster is accepting TCP/IP connections.
25-07-2018 17:54:51.227 [awaitility-thread] INFO  com.stcs.kb.testing.testEnviroment.impl.RabbitComponent - brokernode is not running yet : Connection refused (Connection refused)
25-07-2018 17:54:51.269 [awaitility-thread] INFO  com.stcs.kb.testing.testEnviroment.impl.KillBillDBComponent - dbnode  is not running yet : org.postgresql.util.PSQLException: Connection to localhost:5432 refused. Check that the hostname and port are correct and that the postmaster is accepting TCP/IP connections.
25-07-2018 17:55:01.229 [awaitility-thread] INFO  com.stcs.kb.testing.testEnviroment.impl.RabbitComponent - brokernode is not running yet : Connection refused (Connection refused)
25-07-2018 17:55:01.272 [awaitility-thread] INFO  com.stcs.kb.testing.testEnviroment.impl.KillBillDBComponent - dbnode  is not running yet : org.postgresql.util.PSQLException: Connection to localhost:5432 refused. Check that the hostname and port are correct and that the postmaster is accepting TCP/IP connections.
25-07-2018 17:57:43.020 [ForkJoinPool.commonPool-worker-1] INFO  com.stcs.kb.testing.testEnviroment.DockerImageBuilder - Starting docker image : bill_it_db with command docker run --name dbnode  -p 5432:5432 -d --network mynetwork bill_it_db
25-07-2018 17:57:43.020 [main] INFO  com.stcs.kb.testing.testEnviroment.DockerImageBuilder - Starting docker image : rabbit-integration1 with command docker run --name brokernode -p 5672:5672 -p 15672:15672 -d --network mynetwork rabbit-integration1
25-07-2018 17:57:53.060 [awaitility-thread] INFO  com.stcs.kb.testing.testEnviroment.impl.RabbitComponent - brokernode is not running yet : Connection refused (Connection refused)
25-07-2018 17:57:53.102 [awaitility-thread] INFO  com.stcs.kb.testing.testEnviroment.impl.KillBillDBComponent - dbnode  is not running yet : org.postgresql.util.PSQLException: Connection to localhost:5432 refused. Check that the hostname and port are correct and that the postmaster is accepting TCP/IP connections.
25-07-2018 17:58:03.063 [awaitility-thread] INFO  com.stcs.kb.testing.testEnviroment.impl.RabbitComponent - brokernode is not running yet : Connection refused (Connection refused)
25-07-2018 17:58:03.104 [awaitility-thread] INFO  com.stcs.kb.testing.testEnviroment.impl.KillBillDBComponent - dbnode  is not running yet : org.postgresql.util.PSQLException: Connection to localhost:5432 refused. Check that the hostname and port are correct and that the postmaster is accepting TCP/IP connections.
25-07-2018 17:59:31.686 [main] INFO  com.stcs.kb.testing.testEnviroment.DockerImageBuilder - Starting docker image : rabbit-integration1 with command docker run --name brokernode -p 5672:5672 -p 15672:15672 -d --network mynetwork rabbit-integration1
25-07-2018 17:59:31.686 [ForkJoinPool.commonPool-worker-1] INFO  com.stcs.kb.testing.testEnviroment.DockerImageBuilder - Starting docker image : bill_it_db with command docker run --name dbnode  -p 5432:5432 -d --network mynetwork bill_it_db
25-07-2018 17:59:41.727 [awaitility-thread] INFO  com.stcs.kb.testing.testEnviroment.impl.RabbitComponent - brokernode is not running yet : Connection refused (Connection refused)
25-07-2018 17:59:41.767 [awaitility-thread] INFO  com.stcs.kb.testing.testEnviroment.impl.KillBillDBComponent - dbnode  is not running yet : org.postgresql.util.PSQLException: Connection to localhost:5432 refused. Check that the hostname and port are correct and that the postmaster is accepting TCP/IP connections.
